<?xml version="1.0" encoding="UTF-8"?>
<!-- Generated by org.testng.reporters.JUnitXMLReporter -->
<testsuite hostname="EPBYMINW7604" ignored="0" name="Default test" tests="5" failures="0" timestamp="16 Aug 2018 14:01:46 GMT" time="0.168" errors="0">
  <testcase name="testGetAllAuditorium" time="0.006" classname="ua.epam.spring.hometask.service.impl.AuditoriumServiceTest"/>
  <testcase name="testGetByName" time="0.004" classname="ua.epam.spring.hometask.service.impl.AuditoriumServiceTest"/>
  <testcase name="testGetByName" time="0.001" classname="ua.epam.spring.hometask.service.impl.AuditoriumServiceTest"/>
  <testcase name="testGetByName" time="0.001" classname="ua.epam.spring.hometask.service.impl.AuditoriumServiceTest"/>
  <testcase name="testGetByNotExistentName" time="0.004" classname="ua.epam.spring.hometask.service.impl.AuditoriumServiceTest"/>
</testsuite> <!-- Default test -->
