<?xml version="1.0" encoding="UTF-8"?>
<!-- Generated by org.testng.reporters.JUnitXMLReporter -->
<testsuite hostname="EPBYMINW7604" ignored="0" name="Default test" tests="2" failures="0" timestamp="16 Aug 2018 14:48:49 GMT" time="0.479" errors="0">
  <testcase name="testGetUserByExistentEmail" time="0.062" classname="ua.epam.spring.hometask.service.impl.UserServiceTest"/>
  <testcase name="testGetUserByNotExistentEmail" time="0.0" classname="ua.epam.spring.hometask.service.impl.UserServiceTest"/>
</testsuite> <!-- Default test -->
