<?xml version="1.0" encoding="UTF-8"?>
<testng-results skipped="0" failed="0" ignored="0" total="2" passed="2">
  <reporter-output>
  </reporter-output>
  <suite name="Default suite" duration-ms="479" started-at="2018-08-16T14:48:48Z" finished-at="2018-08-16T14:48:49Z">
    <groups>
    </groups>
    <test name="Default test" duration-ms="479" started-at="2018-08-16T14:48:48Z" finished-at="2018-08-16T14:48:49Z">
      <class name="ua.epam.spring.hometask.service.impl.UserServiceTest">
        <test-method status="PASS" signature="init()[pri:0, instance:ua.epam.spring.hometask.service.impl.UserServiceTest@573f2bb1]" name="init" is-config="true" duration-ms="401" started-at="2018-08-16T17:48:48Z" finished-at="2018-08-16T17:48:49Z">
          <reporter-output>
          </reporter-output>
        </test-method> <!-- init -->
        <test-method status="PASS" signature="testGetUserByExistentEmail()[pri:0, instance:ua.epam.spring.hometask.service.impl.UserServiceTest@573f2bb1]" name="testGetUserByExistentEmail" duration-ms="62" started-at="2018-08-16T17:48:49Z" finished-at="2018-08-16T17:48:49Z">
          <reporter-output>
          </reporter-output>
        </test-method> <!-- testGetUserByExistentEmail -->
        <test-method status="PASS" signature="testGetUserByNotExistentEmail()[pri:0, instance:ua.epam.spring.hometask.service.impl.UserServiceTest@573f2bb1]" name="testGetUserByNotExistentEmail" duration-ms="0" started-at="2018-08-16T17:48:49Z" finished-at="2018-08-16T17:48:49Z">
          <reporter-output>
          </reporter-output>
        </test-method> <!-- testGetUserByNotExistentEmail -->
      </class> <!-- ua.epam.spring.hometask.service.impl.UserServiceTest -->
    </test> <!-- Default test -->
  </suite> <!-- Default suite -->
</testng-results>
